<?xml version="1.0" encoding="UTF-8"?>
<testsuite errors="0" failures="0" name="Remove Size Category" skipped="0" tests="3" time="20.926197">
<testcase classname="Remove Size Category" name="User should not see Sizes into Category Navigator on 3rd level Clothing categories (outline example : | Categories&gt;Clothing&gt;Womenswear&gt;Tops &amp; shirts |)" time="8.423482">
  <system-out/>
  <system-err/>
</testcase>
<testcase classname="Remove Size Category" name="User should not see Sizes into Category Navigator on 3rd level Clothing categories (outline example : | Categories&gt;Clothing&gt;Womenswear&gt;Other |)" time="6.506372">
  <system-out/>
  <system-err/>
</testcase>
<testcase classname="Remove Size Category" name="User should not see Sizes into Category Navigator on 3rd level Clothing categories (outline example : | Categories&gt;Clothing&gt;Womenswear&gt;Skirts |)" time="5.996343">
  <system-out/>
  <system-err/>
</testcase>
  <system-out>
    <![CDATA[]]>
  </system-out>
  <system-err>
    <![CDATA[]]>
  </system-err>
</testsuite>
