<?xml version="1.0" encoding="UTF-8"?>
<testsuite errors="0" failures="3" name="Remove Size Category" skipped="0" tests="3" time="21.465228">
<testcase classname="Remove Size Category" name="User should not see Sizes into Category Navigator on 3rd level Clothing categories (outline example : | Categories&gt;Clothing&gt;Womenswear&gt;Tops &amp; shirts |)" time="9.358535">
  <failure message="failed User should not see Sizes into Category Navigator on 3rd level Clothing categories (outline example : | Categories&gt;Clothing&gt;Womenswear&gt;Tops &amp; shirts |)" type="failed">
    <![CDATA[Scenario Outline: User should not see Sizes into Category Navigator on 3rd level Clothing categories

Example row: | Categories>Clothing>Womenswear>Tops & shirts |

Message:
]]>
    <![CDATA[expected: nil
     got: #<Watir::Div:0x..f9d2ac9d0 located=false selector={:id=>"CategoryNavigator_CategoryPlaceholder", :tag_name=>"div"}> (using ==) (RSpec::Expectations::ExpectationNotMetError)
./features/step_definitions/sd_remove_size_category.rb.rb:20:in `/^the Category Navigator should not contain Sizes$/'
features\remove_size_category.feature:9:in `Then the Category Navigator should not contain Sizes']]>
  </failure>
  <system-out/>
  <system-err/>
</testcase>
<testcase classname="Remove Size Category" name="User should not see Sizes into Category Navigator on 3rd level Clothing categories (outline example : | Categories&gt;Clothing&gt;Womenswear&gt;Other |)" time="5.993343">
  <failure message="failed User should not see Sizes into Category Navigator on 3rd level Clothing categories (outline example : | Categories&gt;Clothing&gt;Womenswear&gt;Other |)" type="failed">
    <![CDATA[Scenario Outline: User should not see Sizes into Category Navigator on 3rd level Clothing categories

Example row: | Categories>Clothing>Womenswear>Tops & shirts |

Message:
Example row: | Categories>Clothing>Womenswear>Other |

Message:
]]>
    <![CDATA[expected: nil
     got: #<Watir::Div:0x..fa2587b48 located=false selector={:id=>"CategoryNavigator_CategoryPlaceholder", :tag_name=>"div"}> (using ==) (RSpec::Expectations::ExpectationNotMetError)
./features/step_definitions/sd_remove_size_category.rb.rb:20:in `/^the Category Navigator should not contain Sizes$/'
features\remove_size_category.feature:9:in `Then the Category Navigator should not contain Sizes']]>
  </failure>
  <system-out/>
  <system-err/>
</testcase>
<testcase classname="Remove Size Category" name="User should not see Sizes into Category Navigator on 3rd level Clothing categories (outline example : | Categories&gt;Clothing&gt;Womenswear&gt;Skirts |)" time="6.113350">
  <failure message="failed User should not see Sizes into Category Navigator on 3rd level Clothing categories (outline example : | Categories&gt;Clothing&gt;Womenswear&gt;Skirts |)" type="failed">
    <![CDATA[Scenario Outline: User should not see Sizes into Category Navigator on 3rd level Clothing categories

Example row: | Categories>Clothing>Womenswear>Tops & shirts |

Message:
Example row: | Categories>Clothing>Womenswear>Other |

Message:
Example row: | Categories>Clothing>Womenswear>Skirts |

Message:
]]>
    <![CDATA[expected: nil
     got: #<Watir::Div:0x49573220 located=false selector={:id=>"CategoryNavigator_CategoryPlaceholder", :tag_name=>"div"}> (using ==) (RSpec::Expectations::ExpectationNotMetError)
./features/step_definitions/sd_remove_size_category.rb.rb:20:in `/^the Category Navigator should not contain Sizes$/'
features\remove_size_category.feature:9:in `Then the Category Navigator should not contain Sizes']]>
  </failure>
  <system-out/>
  <system-err/>
</testcase>
  <system-out>
    <![CDATA[]]>
  </system-out>
  <system-err>
    <![CDATA[]]>
  </system-err>
</testsuite>
